[35m[Appium][39m Welcome to Appium v1.22.3
[35m[Appium][39m Non-default server args:
[35m[Appium][39m   port: 60220
[35m[Appium][39m   loglevel: info
[35m[Appium][39m   tmpDir: C:\Users\User\AppData\Local\Temp\\Katalon\Appium\Temp1698418928385
[35m[Appium][39m   chromedriverPort: 60221
[35m[Appium][39m Deprecated server args:
[35m[Appium][39m   [31m--chromedriver-port[39m => --default-capabilities
[35m[Appium][39m Default capabilities, which will be added to each request unless overridden by desired capabilities:
[35m[Appium][39m   chromedriverPort: 60221
[35m[Appium][39m Appium REST http interface listener started on 0.0.0.0:60220
[35m[HTTP][39m [37m-->[39m [37mGET[39m [37m/wd/hub/status[39m
[35m[HTTP][39m [90m{}[39m
[35m[HTTP][39m [37m<-- GET /wd/hub/status [39m[32m200[39m [90m5 ms - 68[39m
[35m[HTTP][39m [90m[39m
[35m[HTTP][39m [37m-->[39m [37mGET[39m [37m/wd/hub/status[39m
[35m[HTTP][39m [90m{}[39m
[35m[HTTP][39m [37m<-- GET /wd/hub/status [39m[32m200[39m [90m1 ms - 68[39m
[35m[HTTP][39m [90m[39m
[35m[HTTP][39m [37m-->[39m [37mPOST[39m [37m/wd/hub/session[39m
[35m[HTTP][39m [90m{"desiredCapabilities":{"app":"C:\\Users\\User\\Downloads\\mobile-app\\app-debug.apk","noReset":true,"deviceId":"","deviceName":"emulator-5554 (Android SDK built for x86 - Android 10)","fullReset":false,"platform":"ANDROID","newCommandTimeout":1800,"platformVersion":"10","automationName":"uiautomator2","autoGrantPermissions":true,"platformName":"Android","udid":"emulator-5554","systemPort":60230},"capabilities":{"firstMatch":[{"appium:app":"C:\\Users\\User\\Downloads\\mobile-app\\app-debug.apk","appium:autoGrantPermissions":true,"appium:automationName":"uiautomator2","deviceId":"","appium:deviceName":"emulator-5554 (Android SDK built for x86 - Android 10)","appium:fullReset":false,"appium:newCommandTimeout":1800,"appium:noReset":true,"platform":"ANDROID","platformName":"android","appium:platformVersion":"10","appium:systemPort":60230,"appium:udid":"emulator-5554"}]}}[39m
[35m[BaseDriver][39m The following capabilities are not standard capabilities and should have an extension prefix:
[35m[BaseDriver][39m   deviceId
[35m[BaseDriver][39m   platform
[35m[BaseDriver][39m   chromedriverPort
[35m[Appium][39m Appium v1.22.3 creating new AndroidUiautomator2Driver (v1.70.1) session
[35m[BaseDriver][39m The following capabilities were provided, but are not recognized by Appium:
[35m[BaseDriver][39m   deviceId
[35m[BaseDriver][39m   platform
[35m[BaseDriver][39m Session created with session id: eec158aa-83ed-40b5-82d8-6b28d8c72de7
[35m[BaseDriver][39m Using local app 'C:\Users\User\Downloads\mobile-app\app-debug.apk'
[35m[ADB][39m Found 1 'build-tools' folders under 'C:\Users\User\AppData\Local\Android\Sdk' (newest first):
[35m[ADB][39m     C:/Users/User/AppData/Local/Android/Sdk/build-tools/34.0.0
[35m[ADB][39m Using 'adb.exe' from 'C:\Users\User\AppData\Local\Android\Sdk\platform-tools\adb.exe'
[35m[AndroidDriver][39m Retrieving device list
[35m[AndroidDriver][39m Using device: emulator-5554
[35m[ADB][39m Using 'adb.exe' from 'C:\Users\User\AppData\Local\Android\Sdk\platform-tools\adb.exe'
[35m[ADB][39m Getting device platform version
[35m[UiAutomator2][39m Relaxing hidden api policy
[35m[ADB][39m Package name: 'com.example.shopping_list'
[35m[ADB][39m Main activity name: 'com.example.shopping_list.MainActivity'
[35m[ADB][39m Using 'apksigner.jar' from 'C:\Users\User\AppData\Local\Android\Sdk\build-tools\34.0.0\lib\apksigner.jar'
[35m[ADB][39m 'C:\Users\User\AppData\Roaming\npm\node_modules\appium\node_modules\appium-uiautomator2-server\apks\appium-uiautomator2-server-v4.27.0.apk' is signed with the default certificate
[35m[ADB][39m 'C:\Users\User\AppData\Roaming\npm\node_modules\appium\node_modules\appium-uiautomator2-server\apks\appium-uiautomator2-server-debug-androidTest.apk' is signed with the default certificate
[35m[UiAutomator2][39m Server packages are not going to be (re)installed
[35m[ADB][39m Adding packages ["io.appium.settings","io.appium.uiautomator2.server","io.appium.uiautomator2.server.test"] to Doze whitelist
[35m[ADB][39m 'C:\Users\User\Downloads\mobile-app\app-debug.apk' is signed with a non-default certificate
[35m[ADB][39m The application at 'C:\Users\User\Downloads\mobile-app\app-debug.apk' will not be cached, because the device under test has confirmed the support of streamed installs
[35m[ADB][39m The installation of 'app-debug.apk' took 2071ms
[35m[UiAutomator2][39m Starting UIAutomator2 server 4.27.0
[35m[UiAutomator2][39m Using UIAutomator2 server from 'C:\Users\User\AppData\Roaming\npm\node_modules\appium\node_modules\appium-uiautomator2-server\apks\appium-uiautomator2-server-v4.27.0.apk' and test from 'C:\Users\User\AppData\Roaming\npm\node_modules\appium\node_modules\appium-uiautomator2-server\apks\appium-uiautomator2-server-debug-androidTest.apk'
[35m[UiAutomator2][39m Waiting up to 30000ms for UiAutomator2 to be online...
[35m[WD Proxy][39m socket hang up
[35m[WD Proxy][39m socket hang up
[35m[WD Proxy][39m socket hang up
[35m[WD Proxy][39m socket hang up
[35m[WD Proxy][39m socket hang up
[35m[WD Proxy][39m socket hang up
[35m[WD Proxy][39m Determined the downstream protocol as 'W3C'
[35m[AndroidDriver][39m Screen already unlocked, doing nothing
[35m[UiAutomator2][39m Starting 'com.example.shopping_list/com.example.shopping_list.MainActivity and waiting for 'com.example.shopping_list/com.example.shopping_list.MainActivity'
[35m[Appium][39m New AndroidUiautomator2Driver session created successfully, session eec158aa-83ed-40b5-82d8-6b28d8c72de7 added to master session list
[35m[HTTP][39m [37m<-- POST /wd/hub/session [39m[32m200[39m [90m21665 ms - 1345[39m
[35m[HTTP][39m [90m[39m
[35m[HTTP][39m [37m-->[39m [37mGET[39m [37m/wd/hub/session/eec158aa-83ed-40b5-82d8-6b28d8c72de7[39m
[35m[HTTP][39m [90m{}[39m
[35m[HTTP][39m [37m<-- GET /wd/hub/session/eec158aa-83ed-40b5-82d8-6b28d8c72de7 [39m[32m200[39m [90m20 ms - 1299[39m
[35m[HTTP][39m [90m[39m
[35m[HTTP][39m [37m-->[39m [37mGET[39m [37m/wd/hub/session/eec158aa-83ed-40b5-82d8-6b28d8c72de7[39m
[35m[HTTP][39m [90m{}[39m
[35m[HTTP][39m [37m<-- GET /wd/hub/session/eec158aa-83ed-40b5-82d8-6b28d8c72de7 [39m[32m200[39m [90m17 ms - 1299[39m
[35m[HTTP][39m [90m[39m
[35m[HTTP][39m [37m-->[39m [37mGET[39m [37m/wd/hub/status[39m
[35m[HTTP][39m [90m{}[39m
[35m[HTTP][39m [37m<-- GET /wd/hub/status [39m[32m200[39m [90m1 ms - 68[39m
[35m[HTTP][39m [90m[39m
[35m[HTTP][39m [37m-->[39m [37mPOST[39m [37m/wd/hub/session/eec158aa-83ed-40b5-82d8-6b28d8c72de7/timeouts[39m
[35m[HTTP][39m [90m{"implicit":60000}[39m
[35m[HTTP][39m [37m<-- POST /wd/hub/session/eec158aa-83ed-40b5-82d8-6b28d8c72de7/timeouts [39m[32m200[39m [90m8 ms - 14[39m
[35m[HTTP][39m [90m[39m
[35m[HTTP][39m [37m-->[39m [37mGET[39m [37m/wd/hub/session/eec158aa-83ed-40b5-82d8-6b28d8c72de7/source[39m
[35m[HTTP][39m [90m{}[39m
[35m[W3C (eec158aa)][39m Driver proxy active, passing request on via HTTP proxy
[35m[WD Proxy][39m Replacing sessionId 43110535-f7dd-41db-a3be-fd1eeaab3523 with eec158aa-83ed-40b5-82d8-6b28d8c72de7
[35m[HTTP][39m [37m<-- GET /wd/hub/session/eec158aa-83ed-40b5-82d8-6b28d8c72de7/source [39m[32m200[39m [90m91 ms - 4877[39m
[35m[HTTP][39m [90m[39m
[35m[HTTP][39m [37m-->[39m [37mGET[39m [37m/wd/hub/session/eec158aa-83ed-40b5-82d8-6b28d8c72de7/screenshot[39m
[35m[HTTP][39m [90m{}[39m
[35m[HTTP][39m [37m<-- GET /wd/hub/session/eec158aa-83ed-40b5-82d8-6b28d8c72de7/screenshot [39m[32m200[39m [90m318 ms - 45252[39m
[35m[HTTP][39m [90m[39m
[35m[HTTP][39m [37m-->[39m [37mGET[39m [37m/wd/hub/session/eec158aa-83ed-40b5-82d8-6b28d8c72de7/source[39m
[35m[HTTP][39m [90m{}[39m
[35m[W3C (eec158aa)][39m Driver proxy active, passing request on via HTTP proxy
[35m[WD Proxy][39m Replacing sessionId 43110535-f7dd-41db-a3be-fd1eeaab3523 with eec158aa-83ed-40b5-82d8-6b28d8c72de7
[35m[HTTP][39m [37m<-- GET /wd/hub/session/eec158aa-83ed-40b5-82d8-6b28d8c72de7/source [39m[32m200[39m [90m74 ms - 10901[39m
[35m[HTTP][39m [90m[39m
[35m[HTTP][39m [37m-->[39m [37mGET[39m [37m/wd/hub/session/eec158aa-83ed-40b5-82d8-6b28d8c72de7/screenshot[39m
[35m[HTTP][39m [90m{}[39m
[35m[HTTP][39m [37m<-- GET /wd/hub/session/eec158aa-83ed-40b5-82d8-6b28d8c72de7/screenshot [39m[32m200[39m [90m274 ms - 129768[39m
[35m[HTTP][39m [90m[39m
[35m[HTTP][39m [37m-->[39m [37mGET[39m [37m/wd/hub/session/eec158aa-83ed-40b5-82d8-6b28d8c72de7/source[39m
[35m[HTTP][39m [90m{}[39m
[35m[W3C (eec158aa)][39m Driver proxy active, passing request on via HTTP proxy
[35m[WD Proxy][39m Replacing sessionId 43110535-f7dd-41db-a3be-fd1eeaab3523 with eec158aa-83ed-40b5-82d8-6b28d8c72de7
[35m[HTTP][39m [37m<-- GET /wd/hub/session/eec158aa-83ed-40b5-82d8-6b28d8c72de7/source [39m[32m200[39m [90m82 ms - 10901[39m
[35m[HTTP][39m [90m[39m
[35m[HTTP][39m [37m-->[39m [37mGET[39m [37m/wd/hub/session/eec158aa-83ed-40b5-82d8-6b28d8c72de7/screenshot[39m
[35m[HTTP][39m [90m{}[39m
[35m[HTTP][39m [37m<-- GET /wd/hub/session/eec158aa-83ed-40b5-82d8-6b28d8c72de7/screenshot [39m[32m200[39m [90m474 ms - 129768[39m
[35m[HTTP][39m [90m[39m
[35m[HTTP][39m [37m-->[39m [37mGET[39m [37m/wd/hub/session/eec158aa-83ed-40b5-82d8-6b28d8c72de7/source[39m
[35m[HTTP][39m [90m{}[39m
[35m[W3C (eec158aa)][39m Driver proxy active, passing request on via HTTP proxy
[35m[WD Proxy][39m Replacing sessionId 43110535-f7dd-41db-a3be-fd1eeaab3523 with eec158aa-83ed-40b5-82d8-6b28d8c72de7
[35m[HTTP][39m [37m<-- GET /wd/hub/session/eec158aa-83ed-40b5-82d8-6b28d8c72de7/source [39m[32m200[39m [90m73 ms - 7907[39m
[35m[HTTP][39m [90m[39m
[35m[HTTP][39m [37m-->[39m [37mGET[39m [37m/wd/hub/session/eec158aa-83ed-40b5-82d8-6b28d8c72de7/screenshot[39m
[35m[HTTP][39m [90m{}[39m
[35m[HTTP][39m [37m<-- GET /wd/hub/session/eec158aa-83ed-40b5-82d8-6b28d8c72de7/screenshot [39m[32m200[39m [90m333 ms - 90952[39m
[35m[HTTP][39m [90m[39m
[35m[HTTP][39m [37m-->[39m [37mPOST[39m [37m/wd/hub/session/eec158aa-83ed-40b5-82d8-6b28d8c72de7/elements[39m
[35m[HTTP][39m [90m{"using":"xpath","value":"//*[@class = 'android.view.View' and @resource-id = '' and (@text = '' or . = '')]"}[39m
[35m[HTTP][39m [37m<-- POST /wd/hub/session/eec158aa-83ed-40b5-82d8-6b28d8c72de7/elements [39m[32m200[39m [90m311 ms - 1035[39m
[35m[HTTP][39m [90m[39m
[35m[HTTP][39m [37m-->[39m [37mPOST[39m [37m/wd/hub/session/eec158aa-83ed-40b5-82d8-6b28d8c72de7/elements[39m
[35m[HTTP][39m [90m{"using":"accessibility id","value":"Must be between 1 and 50 characters."}[39m
[35m[HTTP][39m [37m<-- POST /wd/hub/session/eec158aa-83ed-40b5-82d8-6b28d8c72de7/elements [39m[32m200[39m [90m13 ms - 139[39m
[35m[HTTP][39m [90m[39m
[35m[HTTP][39m [37m-->[39m [37mPOST[39m [37m/wd/hub/session/eec158aa-83ed-40b5-82d8-6b28d8c72de7/timeouts[39m
[35m[HTTP][39m [90m{"implicit":1000}[39m
[35m[HTTP][39m [37m<-- POST /wd/hub/session/eec158aa-83ed-40b5-82d8-6b28d8c72de7/timeouts [39m[32m200[39m [90m1 ms - 14[39m
[35m[HTTP][39m [90m[39m
[35m[HTTP][39m [37m-->[39m [37mPOST[39m [37m/wd/hub/session/eec158aa-83ed-40b5-82d8-6b28d8c72de7/elements[39m
[35m[HTTP][39m [90m{"using":"accessibility id","value":"Must be between 1 and 50 characters."}[39m
[35m[HTTP][39m [37m<-- POST /wd/hub/session/eec158aa-83ed-40b5-82d8-6b28d8c72de7/elements [39m[32m200[39m [90m11 ms - 139[39m
[35m[HTTP][39m [90m[39m
[35m[HTTP][39m [37m-->[39m [37mGET[39m [37m/wd/hub/session/eec158aa-83ed-40b5-82d8-6b28d8c72de7/element/00000000-0000-00a3-0000-002500000003/location[39m
[35m[HTTP][39m [90m{}[39m
[35m[W3C (eec158aa)][39m Driver proxy active, passing request on via HTTP proxy
[35m[WD Proxy][39m Replacing sessionId 43110535-f7dd-41db-a3be-fd1eeaab3523 with eec158aa-83ed-40b5-82d8-6b28d8c72de7
[35m[HTTP][39m [37m<-- GET /wd/hub/session/eec158aa-83ed-40b5-82d8-6b28d8c72de7/element/00000000-0000-00a3-0000-002500000003/location [39m[32m200[39m [90m12 ms - 77[39m
[35m[HTTP][39m [90m[39m
[35m[HTTP][39m [37m-->[39m [37mGET[39m [37m/wd/hub/session/eec158aa-83ed-40b5-82d8-6b28d8c72de7/element/00000000-0000-00a3-0000-002500000003/size[39m
[35m[HTTP][39m [90m{}[39m
[35m[W3C (eec158aa)][39m Driver proxy active, passing request on via HTTP proxy
[35m[WD Proxy][39m Replacing sessionId 43110535-f7dd-41db-a3be-fd1eeaab3523 with eec158aa-83ed-40b5-82d8-6b28d8c72de7
[35m[HTTP][39m [37m<-- GET /wd/hub/session/eec158aa-83ed-40b5-82d8-6b28d8c72de7/element/00000000-0000-00a3-0000-002500000003/size [39m[32m200[39m [90m10 ms - 86[39m
[35m[HTTP][39m [90m[39m
[35m[HTTP][39m [37m-->[39m [37mDELETE[39m [37m/wd/hub/session/eec158aa-83ed-40b5-82d8-6b28d8c72de7[39m
[35m[HTTP][39m [90m{}[39m
[35m[Appium][39m Removing session eec158aa-83ed-40b5-82d8-6b28d8c72de7 from our master session list
[35m[UiAutomator2][39m Restoring hidden api policy to the device default configuration
[35m[HTTP][39m [37m<-- DELETE /wd/hub/session/eec158aa-83ed-40b5-82d8-6b28d8c72de7 [39m[32m200[39m [90m512 ms - 14[39m
[35m[HTTP][39m [90m[39m
